#
# A fatal error has been detected by the Java Runtime Environment:
#
#  EXCEPTION_ACCESS_VIOLATION (0xc0000005) at pc=0x6254569b, pid=8152, tid=6048
#
# JRE version: Java(TM) SE Runtime Environment (7.0_80-b15) (build 1.7.0_80-b15)
# Java VM: Java HotSpot(TM) Client VM (24.80-b11 mixed mode, sharing windows-x86 )
# Problematic frame:
# V  [jvm.dll+0xc569b]
#
# Failed to write core dump. Minidumps are not enabled by default on client versions of Windows
#
# If you would like to submit a bug report, please visit:
#   http://bugreport.java.com/bugreport/crash.jsp
#

---------------  T H R E A D  ---------------

Current thread (0x0083c000):  JavaThread "main" [_thread_in_vm, id=6048, stack(0x00a50000,0x00aa0000)]

siginfo: ExceptionCode=0xc0000005, reading address 0x00000000

Registers:
EAX=0x00000000, EBX=0x34862670, ECX=0x00000000, EDX=0x00000000
ESP=0x00a9f25c, EBP=0x00a9f278, ESI=0x0083c130, EDI=0x0083c000
EIP=0x6254569b, EFLAGS=0x00010246

Top of Stack: (sp=0x00a9f25c)
0x00a9f25c:   00000000 0083c130 34862670 0083c000
0x00a9f26c:   00000000 0083a150 0083c000 00a9f2a8
0x00a9f27c:   5a585aeb 0083c130 00000000 0083c000
0x00a9f28c:   34862670 34862670 34862670 0083c9e4
0x00a9f29c:   00a9f2f4 0256a9ba 0083c000 00a9f2f4
0x00a9f2ac:   0256aabd 0083c130 00a9f31c 05a30020
0x00a9f2bc:   0083c000 00000000 00a9f30c 00a9f308
0x00a9f2cc:   00000000 458b04c4 00a9f2d4 34862670 

Instructions: (pc=0x6254569b)
0x6254567b:   f3 ff 83 c4 08 83 7f 04 00 89 7d f0 c7 45 f4 00
0x6254568b:   00 00 00 74 08 8d 4d f0 e8 78 aa 0c 00 8b 45 0c
0x6254569b:   8b 08 8b 51 04 8b 42 40 50 56 e8 a6 e3 07 00 83
0x625456ab:   c4 08 83 7d f4 00 89 45 08 74 08 8d 4d f0 e8 92 


Register to memory mapping:

EAX=0x00000000 is an unknown value
EBX=0x34862670 is an oop
{method} 
 - klass: {other class}
ECX=0x00000000 is an unknown value
EDX=0x00000000 is an unknown value
ESP=0x00a9f25c is pointing into the stack for thread: 0x0083c000
EBP=0x00a9f278 is pointing into the stack for thread: 0x0083c000
ESI=0x0083c130 is an unknown value
EDI=0x0083c000 is a thread


Stack: [0x00a50000,0x00aa0000],  sp=0x00a9f25c,  free space=316k
Native frames: (J=compiled Java code, j=interpreted, Vv=VM code, C=native code)
V  [jvm.dll+0xc569b]
C  [bwapi_bridge1_2.dll+0x5aeb]
j  bwapi.Game.canBuildHere_native(JLbwapi/Unit;Lbwapi/TilePosition;Lbwapi/UnitType;Z)Z+0
J 47 C1 TestBot1.onFrame()V (1083 bytes) @ 0x025fe398 [0x025fdbd0+0x7c8]
j  bwapi.AIModule.onFrame()V+11
v  ~StubRoutines::call_stub
V  [jvm.dll+0x1429aa]
V  [jvm.dll+0x20743e]
V  [jvm.dll+0x142a2d]
V  [jvm.dll+0xcb7b2]
V  [jvm.dll+0xcf403]
C  [bwapi_bridge1_2.dll+0x107a]
C  [bwapi_bridge1_2.dll+0x2828f]
j  bwapi.Mirror.startGame()V+0
j  TestBot1.run()V+15
j  TestBot1.main([Ljava/lang/String;)V+7
v  ~StubRoutines::call_stub
V  [jvm.dll+0x1429aa]
V  [jvm.dll+0x20743e]
V  [jvm.dll+0x142a2d]
V  [jvm.dll+0xcb535]
V  [jvm.dll+0xd61d7]
C  [javaw.exe+0x2070]
C  [javaw.exe+0xa6d1]
C  [javaw.exe+0xa75b]
C  [kernel32.dll+0x1337a]
C  [ntdll.dll+0x39882]
C  [ntdll.dll+0x39855]

Java frames: (J=compiled Java code, j=interpreted, Vv=VM code)
j  bwapi.Game.canBuildHere_native(JLbwapi/Unit;Lbwapi/TilePosition;Lbwapi/UnitType;Z)Z+0
J 47 C1 TestBot1.onFrame()V (1083 bytes) @ 0x025fe398 [0x025fdbd0+0x7c8]
j  bwapi.AIModule.onFrame()V+11
v  ~StubRoutines::call_stub
j  bwapi.Mirror.startGame()V+0
j  TestBot1.run()V+15
j  TestBot1.main([Ljava/lang/String;)V+7
v  ~StubRoutines::call_stub

---------------  P R O C E S S  ---------------

Java Threads: ( => current thread )
  0x009c6800 JavaThread "Service Thread" daemon [_thread_blocked, id=6444, stack(0x00ed0000,0x00f20000)]
  0x009c5000 JavaThread "C1 CompilerThread0" daemon [_thread_blocked, id=4556, stack(0x045c0000,0x04610000)]
  0x009c0400 JavaThread "Attach Listener" daemon [_thread_blocked, id=1596, stack(0x00bc0000,0x00c10000)]
  0x00955400 JavaThread "Signal Dispatcher" daemon [_thread_blocked, id=5268, stack(0x00ff0000,0x01040000)]
  0x00953000 JavaThread "Finalizer" daemon [_thread_blocked, id=6672, stack(0x00e10000,0x00e60000)]
  0x0094e000 JavaThread "Reference Handler" daemon [_thread_blocked, id=5908, stack(0x00d30000,0x00d80000)]
=>0x0083c000 JavaThread "main" [_thread_in_vm, id=6048, stack(0x00a50000,0x00aa0000)]

Other Threads:
  0x0094c000 VMThread [stack: 0x00b30000,0x00b80000] [id=5392]
  0x009d8000 WatcherThread [stack: 0x04570000,0x045c0000] [id=7632]

VM state:not at safepoint (normal execution)

VM Mutex/Monitor currently owned by a thread: None

Heap
 def new generation   total 4928K, used 2035K [0x24800000, 0x24d50000, 0x29d50000)
  eden space 4416K,  46% used [0x24800000, 0x249fce60, 0x24c50000)
  from space 512K,   0% used [0x24c50000, 0x24c50000, 0x24cd0000)
  to   space 512K,   0% used [0x24cd0000, 0x24cd0000, 0x24d50000)
 tenured generation   total 10944K, used 0K [0x29d50000, 0x2a800000, 0x34800000)
   the space 10944K,   0% used [0x29d50000, 0x29d50000, 0x29d50200, 0x2a800000)
 compacting perm gen  total 12288K, used 448K [0x34800000, 0x35400000, 0x38800000)
   the space 12288K,   3% used [0x34800000, 0x34870330, 0x34870400, 0x35400000)
    ro space 10240K,  42% used [0x38800000, 0x38c37108, 0x38c37200, 0x39200000)
    rw space 12288K,  52% used [0x39200000, 0x39841738, 0x39841800, 0x39e00000)

Card table byte_map: [0x00770000,0x00820000] byte_map_base: 0x0064c000

Polling page: 0x001c0000

Code Cache  [0x02560000, 0x02618000, 0x04560000)
 total_blobs=239 nmethods=102 adapters=74 free_code_cache=32058Kb largest_free_block=32828288

Compilation events (10 events):
Event: 23.989 Thread 0x009c5000   98             java.lang.StringBuilder::append (8 bytes)
Event: 23.989 Thread 0x009c5000 nmethod 98 0x02610088 code [0x02610180, 0x0261021c]
Event: 23.990 Thread 0x009c5000   99             java.lang.StringBuilder::append (8 bytes)
Event: 23.990 Thread 0x009c5000 nmethod 99 0x02610288 code [0x02610390, 0x0261047c]
Event: 23.990 Thread 0x009c5000  100             java.lang.Integer::stringSize (21 bytes)
Event: 23.991 Thread 0x009c5000 nmethod 100 0x026105c8 code [0x026106c0, 0x02610770]
Event: 23.991 Thread 0x009c5000  101             java.lang.Integer::getChars (131 bytes)
Event: 23.991 Thread 0x009c5000 nmethod 101 0x02610848 code [0x02610970, 0x02610b80]
Event: 24.005 Thread 0x009c5000  102             java.lang.AbstractStringBuilder::append (62 bytes)
Event: 24.006 Thread 0x009c5000 nmethod 102 0x02610f08 code [0x02611040, 0x026111f4]

GC Heap History (0 events):
No events

Deoptimization events (0 events):
No events

Internal exceptions (10 events):
Event: 0.248 Thread 0x0083c000 Threw 0x248c1c48 at C:\re\jdk7u80\2329\hotspot\src\share\vm\prims\jvm.cpp:1319
Event: 0.257 Thread 0x0083c000 Threw 0x248c9c48 at C:\re\jdk7u80\2329\hotspot\src\share\vm\prims\jvm.cpp:1319
Event: 0.260 Thread 0x0083c000 Threw 0x248d02f0 at C:\re\jdk7u80\2329\hotspot\src\share\vm\prims\jvm.cpp:1319
Event: 5.339 Thread 0x0083c000 Threw 0x248d8f78 at C:\re\jdk7u80\2329\hotspot\src\share\vm\prims\jvm.cpp:1319
Event: 5.344 Thread 0x0083c000 Threw 0x248ec728 at C:\re\jdk7u80\2329\hotspot\src\share\vm\prims\jvm.cpp:1319
Event: 9.756 Thread 0x0083c000 Threw 0x248f0a20 at C:\re\jdk7u80\2329\hotspot\src\share\vm\prims\jvm.cpp:1319
Event: 9.766 Thread 0x0083c000 Threw 0x248f91d0 at C:\re\jdk7u80\2329\hotspot\src\share\vm\prims\jvm.cpp:1319
Event: 11.343 Thread 0x0083c000 Threw 0x248fc4e8 at C:\re\jdk7u80\2329\hotspot\src\share\vm\prims\jvm.cpp:1319
Event: 11.345 Thread 0x0083c000 Threw 0x248ffe90 at C:\re\jdk7u80\2329\hotspot\src\share\vm\prims\jvm.cpp:1319
Event: 11.346 Thread 0x0083c000 Threw 0x24902d80 at C:\re\jdk7u80\2329\hotspot\src\share\vm\prims\jvm.cpp:1319

Events (10 events):
Event: 9.766 loading class 0x009d97a0
Event: 9.766 loading class 0x009d97a0 done
Event: 11.343 loading class 0x009eaf60
Event: 11.343 loading class 0x009eaf60 done
Event: 11.345 loading class 0x009ee860
Event: 11.345 loading class 0x009ee860 done
Event: 11.346 loading class 0x04666180
Event: 11.346 loading class 0x04666180 done
Event: 11.347 loading class 0x39e3a2e8
Event: 11.347 loading class 0x39e3a2e8 done


Dynamic libraries:
0x01130000 - 0x0115f000 	C:\Program Files (x86)\Java\jre7\bin\javaw.exe
0x770b0000 - 0x77230000 	C:\Windows\SysWOW64\ntdll.dll
0x752f0000 - 0x75400000 	C:\Windows\syswow64\kernel32.dll
0x76c60000 - 0x76ca7000 	C:\Windows\syswow64\KERNELBASE.dll
0x767c0000 - 0x76861000 	C:\Windows\syswow64\ADVAPI32.dll
0x76990000 - 0x76a3c000 	C:\Windows\syswow64\msvcrt.dll
0x75550000 - 0x75569000 	C:\Windows\SysWOW64\sechost.dll
0x74cc0000 - 0x74db0000 	C:\Windows\syswow64\RPCRT4.dll
0x74a10000 - 0x74a70000 	C:\Windows\syswow64\SspiCli.dll
0x74a00000 - 0x74a0c000 	C:\Windows\syswow64\CRYPTBASE.dll
0x74aa0000 - 0x74ba0000 	C:\Windows\syswow64\USER32.dll
0x76440000 - 0x764d0000 	C:\Windows\syswow64\GDI32.dll
0x77080000 - 0x7708a000 	C:\Windows\syswow64\LPK.dll
0x76880000 - 0x7691d000 	C:\Windows\syswow64\USP10.dll
0x6f7d0000 - 0x6f96e000 	C:\Windows\WinSxS\x86_microsoft.windows.common-controls_6595b64144ccf1df_6.0.7601.18837_none_41e855142bd5705d\COMCTL32.dll
0x76c00000 - 0x76c57000 	C:\Windows\syswow64\SHLWAPI.dll
0x75580000 - 0x755e0000 	C:\Windows\system32\IMM32.DLL
0x74bc0000 - 0x74c8c000 	C:\Windows\syswow64\MSCTF.dll
0x71520000 - 0x71597000 	C:\Program Files (x86)\AVG\AVG2015\avghookx.dll
0x63060000 - 0x6311f000 	C:\Program Files (x86)\Java\jre7\bin\msvcr100.dll
0x62480000 - 0x6280b000 	C:\Program Files (x86)\Java\jre7\bin\client\jvm.dll
0x71150000 - 0x71157000 	C:\Windows\system32\WSOCK32.dll
0x76370000 - 0x763a5000 	C:\Windows\syswow64\WS2_32.dll
0x76360000 - 0x76366000 	C:\Windows\syswow64\NSI.dll
0x72450000 - 0x72482000 	C:\Windows\system32\WINMM.dll
0x76870000 - 0x76875000 	C:\Windows\syswow64\PSAPI.DLL
0x67730000 - 0x6773c000 	C:\Program Files (x86)\Java\jre7\bin\verify.dll
0x66e80000 - 0x66ea1000 	C:\Program Files (x86)\Java\jre7\bin\java.dll
0x67500000 - 0x67513000 	C:\Program Files (x86)\Java\jre7\bin\zip.dll
0x5a580000 - 0x5a797000 	C:\Program Files (x86)\StarCraft\BWAPI\bwmirror_ExampleBot\ExampleBot\bwapi_bridge1_2.dll
0x10000000 - 0x1002b000 	C:\Windows\gmp-vc90-mt.dll
0x74830000 - 0x748d3000 	C:\Windows\WinSxS\x86_microsoft.vc90.crt_1fc8b3b9a1e18e3b_9.0.30729.6161_none_50934f2ebcb7eb57\MSVCR90.dll
0x71350000 - 0x713de000 	C:\Windows\WinSxS\x86_microsoft.vc90.crt_1fc8b3b9a1e18e3b_9.0.30729.6161_none_50934f2ebcb7eb57\MSVCP90.dll
0x00cd0000 - 0x00d11000 	C:\Windows\mpfr-vc90-mt.dll
0x71be0000 - 0x71ccb000 	C:\Windows\system32\dbghelp.dll

VM Arguments:
jvm_args: -Dfile.encoding=Cp1252 
java_command: TestBot1
Launcher Type: SUN_STANDARD

Environment Variables:
PATH=C:/Program Files (x86)/Java/jre7/bin/client;C:/Program Files (x86)/Java/jre7/bin;C:/Program Files (x86)/Java/jre7/lib/i386;C:\Program Files\Common Files\Microsoft Shared\Windows Live;C:\Program Files (x86)\Common Files\Microsoft Shared\Windows Live;C:\Windows\system32;C:\Windows;C:\Windows\System32\Wbem;C:\Windows\System32\WindowsPowerShell\v1.0\;C:\Program Files (x86)\Windows Live\Shared;C:\Program Files\Intel\WiFi\bin\;C:\Program Files\Common Files\Intel\WirelessCommon\;C:\Program Files (x86)\Microsoft SQL Server\100\Tools\Binn\;C:\Program Files (x86)\Microsoft SQL Server\100\DTS\Binn\;C:\Program Files (x86)\QuickTime\QTSystem\;C:\Users\Owner\.dnx\bin;C:\Program Files\Microsoft DNX\Dnvm\;C:\Program Files (x86)\Windows Kits\8.1\Windows Performance Toolkit\;C:\Program Files (x86)\Heroku\bin;C:\Program Files (x86)\git\cmd;C:\python27\scripts;C:\Program Files (x86)\StarCraft\BWAPI\BWAPI 3.7.4\BWAPI 3.7.4\eclipse;
USERNAME=Owner
OS=Windows_NT
PROCESSOR_IDENTIFIER=Intel64 Family 6 Model 42 Stepping 7, GenuineIntel



---------------  S Y S T E M  ---------------

OS: Windows 7 , 64 bit Build 7601 Service Pack 1

CPU:total 4 (2 cores per cpu, 2 threads per core) family 6 model 42 stepping 7, cmov, cx8, fxsr, mmx, sse, sse2, sse3, ssse3, sse4.1, sse4.2, popcnt, avx, ht, tsc, tscinvbit

Memory: 4k page, physical 8160400k(4285372k free), swap 16318964k(11581296k free)

vm_info: Java HotSpot(TM) Client VM (24.80-b11) for windows-x86 JRE (1.7.0_80-b15), built on Apr 10 2015 13:33:35 by "java_re" with unknown MS VC++:1600

time: Fri Dec 11 20:13:24 2015
elapsed time: 24 seconds

