#
# A fatal error has been detected by the Java Runtime Environment:
#
#  EXCEPTION_ACCESS_VIOLATION (0xc0000005) at pc=0x64bd569b, pid=14740, tid=9732
#
# JRE version: Java(TM) SE Runtime Environment (7.0_80-b15) (build 1.7.0_80-b15)
# Java VM: Java HotSpot(TM) Client VM (24.80-b11 mixed mode, sharing windows-x86 )
# Problematic frame:
# V  [jvm.dll+0xc569b]
#
# Failed to write core dump. Minidumps are not enabled by default on client versions of Windows
#
# If you would like to submit a bug report, please visit:
#   http://bugreport.java.com/bugreport/crash.jsp
#

---------------  T H R E A D  ---------------

Current thread (0x002fc000):  JavaThread "main" [_thread_in_vm, id=9732, stack(0x004b0000,0x00500000)]

siginfo: ExceptionCode=0xc0000005, reading address 0x00000000

Registers:
EAX=0x00000000, EBX=0x348618c8, ECX=0x00000000, EDX=0x34865560
ESP=0x004ff13c, EBP=0x004ff158, ESI=0x002fc130, EDI=0x002fc000
EIP=0x64bd569b, EFLAGS=0x00010246

Top of Stack: (sp=0x004ff13c)
0x004ff13c:   00000000 002fc130 348618c8 002fc000
0x004ff14c:   00000000 004ff480 64da787e 004ff188
0x004ff15c:   644e5aeb 002fc130 00000000 002fc000
0x004ff16c:   348618c8 348618c8 0044f180 002fc130
0x004ff17c:   0044e730 64dca53c 39e22ee8 004ff1dc
0x004ff18c:   0263aabd 002fc130 004ff204 06020020
0x004ff19c:   002fc000 00000000 004ff1f4 004ff1f0
0x004ff1ac:   00000000 24a9b5b8 644f268b 004ff1fc 

Instructions: (pc=0x64bd569b)
0x64bd567b:   f3 ff 83 c4 08 83 7f 04 00 89 7d f0 c7 45 f4 00
0x64bd568b:   00 00 00 74 08 8d 4d f0 e8 78 aa 0c 00 8b 45 0c
0x64bd569b:   8b 08 8b 51 04 8b 42 40 50 56 e8 a6 e3 07 00 83
0x64bd56ab:   c4 08 83 7d f4 00 89 45 08 74 08 8d 4d f0 e8 92 


Register to memory mapping:

EAX=0x00000000 is an unknown value
EBX=0x348618c8 is an oop
{method} 
 - klass: {other class}
ECX=0x00000000 is an unknown value
EDX=0x34865560 is an oop
{constant pool cache} 
 - klass: {other class}
                 -------------
  0  (0x34865570)  [b5|b4|    1]
                 [   0x248d7ad8]
                 [   0x00000008]
                 [   0x44000001]
                 -------------
  1  (0x34865580)  [00|00|    2]
                 [   0x00000000]
                 [   0x00000000]
                 [   0x00000000]
                 -------------
  2  (0x34865590)  [00|00|    3]
                 [   0x00000000]
                 [   0x00000000]
                 [   0x00000000]
                 -------------
  3  (0x348655a0)  [00|b7|    4]
                 [   0x3485f748]
                 [   0x00000000]
                 [   0x70000003]
                 -------------
  4  (0x348655b0)  [00|00|    5]
                 [   0x00000000]
                 [   0x00000000]
                 [   0x00000000]
                 -------------
  5  (0x348655c0)  [00|00|    6]
                 [   0x00000000]
                 [   0x00000000]
                 [   0x00000000]
                 -------------
  6  (0x348655d0)  [00|00|    7]
                 [   0x00000000]
                 [   0x00000000]
                 [   0x00000000]
                 -------------
  7  (0x348655e0)  [00|00|    8]
                 [   0x00000000]
                 [   0x00000000]
                 [   0x00000000]
                 -------------
  8  (0x348655f0)  [00|00|    9]
                 [   0x00000000]
                 [   0x00000000]
                 [   0x00000000]
                 -------------
  9  (0x34865600)  [00|00|   10]
                 [   0x00000000]
                 [   0x00000000]
                 [   0x00000000]
                 -------------
 10  (0x34865610)  [00|00|   11]
                 [   0x00000000]
                 [   0x00000000]
                 [   0x00000000]
                 -------------
 11  (0x34865620)  [00|00|   12]
                 [   0x00000000]
                 [   0x00000000]
                 [   0x00000000]
                 -------------
 12  (0x34865630)  [00|00|   13]
                 [   0x00000000]
                 [   0x00000000]
                 [   0x00000000]
                 -------------
 13  (0x34865640)  [00|00|   14]
                 [   0x00000000]
                 [   0x00000000]
                 [   0x00000000]
                 -------------
 14  (0x34865650)  [00|00|   15]
                 [   0x00000000]
                 [   0x00000000]
                 [   0x00000000]
                 -------------
 15  (0x34865660)  [00|00|   16]
                 [   0x00000000]
                 [   0x00000000]
                 [   0x00000000]
                 -------------
 16  (0x34865670)  [00|00|   17]
                 [   0x00000000]
                 [   0x00000000]
                 [   0x00000000]
                 -------------
 17  (0x34865680)  [00|00|   18]
                 [   0x00000000]
                 [   0x00000000]
                 [   0x00000000]
                 -------------
 18  (0x34865690)  [00|00|   19]
                 [   0x00000000]
                 [   0x00000000]
                 [   0x00000000]
                 -------------
 19  (0x348656a0)  [00|00|   20]
                 [   0x00000000]
                 [   0x00000000]
                 [   0x00000000]
                 -------------
 20  (0x348656b0)  [00|00|   21]
                 [   0x00000000]
                 [   0x00000000]
                 [   0x00000000]
                 -------------
 21  (0x348656c0)  [00|00|   22]
                 [   0x00000000]
                 [   0x00000000]
                 [   0x00000000]
                 -------------
 22  (0x348656d0)  [00|00|   23]
                 [   0x00000000]
                 [   0x00000000]
                 [   0x00000000]
                 -------------
 23  (0x348656e0)  [00|00|   24]
                 [   0x00000000]
                 [   0x00000000]
                 [   0x00000000]
                 -------------
 24  (0x348656f0)  [00|00|   25]
                 [   0x00000000]
                 [   0x00000000]
                 [   0x00000000]
                 -------------
 25  (0x34865700)  [00|00|   26]
                 [   0x00000000]
                 [   0x00000000]
                 [   0x00000000]
                 -------------
 26  (0x34865710)  [00|00|   27]
                 [   0x00000000]
                 [   0x00000000]
                 [   0x00000000]
                 -------------
 27  (0x34865720)  [00|00|   28]
                 [   0x00000000]
                 [   0x00000000]
                 [   0x00000000]
                 -------------
 28  (0x34865730)  [00|00|   29]
                 [   0x00000000]
                 [   0x00000000]
                 [   0x00000000]
                 -------------
 29  (0x34865740)  [00|00|   30]
                 [   0x00000000]
                 [   0x00000000]
                 [   0x00000000]
                 -------------
 30  (0x34865750)  [00|00|   31]
                 [   0x00000000]
                 [   0x00000000]
                 [   0x00000000]
                 -------------
 31  (0x34865760)  [00|00|   32]
                 [   0x00000000]
                 [   0x00000000]
                 [   0x00000000]
                 -------------
 32  (0x34865770)  [00|00|   33]
                 [   0x00000000]
                 [   0x00000000]
                 [   0x00000000]
                 -------------
 33  (0x34865780)  [00|00|   34]
                 [   0x00000000]
                 [   0x00000000]
                 [   0x00000000]
                 -------------
 34  (0x34865790)  [00|00|   35]
                 [   0x00000000]
                 [   0x00000000]
                 [   0x00000000]
                 -------------
 35  (0x348657a0)  [00|00|   36]
                 [   0x00000000]
                 [   0x00000000]
                 [   0x00000000]
                 -------------
 36  (0x348657b0)  [00|00|   37]
                 [   0x00000000]
                 [   0x00000000]
                 [   0x00000000]
                 -------------
 37  (0x348657c0)  [00|00|   38]
                 [   0x00000000]
                 [   0x00000000]
                 [   0x00000000]
                 -------------
 38  (0x348657d0)  [00|00|   39]
                 [   0x00000000]
                 [   0x00000000]
                 [   0x00000000]
                 -------------
 39  (0x348657e0)  [00|00|   40]
                 [   0x00000000]
                 [   0x00000000]
                 [   0x00000000]
                 -------------
 40  (0x348657f0)  [00|00|   41]
                 [   0x00000000]
                 [   0x00000000]
                 [   0x00000000]
                 -------------
 41  (0x34865800)  [00|00|   42]
                 [   0x00000000]
                 [   0x00000000]
                 [   0x00000000]
                 -------------
 42  (0x34865810)  [00|00|   43]
                 [   0x00000000]
                 [   0x00000000]
                 [   0x00000000]
                 -------------
 43  (0x34865820)  [00|00|   44]
                 [   0x00000000]
                 [   0x00000000]
                 [   0x00000000]
                 -------------
 44  (0x34865830)  [00|00|   45]
                 [   0x00000000]
                 [   0x00000000]
                 [   0x00000000]
                 -------------
 45  (0x34865840)  [00|00|   46]
                 [   0x00000000]
                 [   0x00000000]
                 [   0x00000000]
                 -------------
 46  (0x34865850)  [00|00|   47]
                 [   0x00000000]
                 [   0x00000000]
                 [   0x00000000]
                 -------------
 47  (0x34865860)  [00|00|   48]
                 [   0x00000000]
                 [   0x00000000]
                 [   0x00000000]
                 -------------
 48  (0x34865870)  [00|00|   49]
                 [   0x00000000]
                 [   0x00000000]
                 [   0x00000000]
                 -------------
 49  (0x34865880)  [00|00|   50]
                 [   0x00000000]
                 [   0x00000000]
                 [   0x00000000]
                 -------------
 50  (0x34865890)  [00|00|   51]
                 [   0x00000000]
                 [   0x00000000]
                 [   0x00000000]
                 -------------
 51  (0x348658a0)  [00|00|   52]
                 [   0x00000000]
                 [   0x00000000]
                 [   0x00000000]
                 -------------
 52  (0x348658b0)  [00|00|   53]
                 [   0x00000000]
                 [   0x00000000]
                 [   0x00000000]
                 -------------
 53  (0x348658c0)  [00|00|   54]
                 [   0x00000000]
                 [   0x00000000]
                 [   0x00000000]
                 -------------
 54  (0x348658d0)  [00|00|   55]
                 [   0x00000000]
                 [   0x00000000]
                 [   0x00000000]
                 -------------
 55  (0x348658e0)  [00|00|   56]
                 [   0x00000000]
                 [   0x00000000]
                 [   0x00000000]
                 -------------
 56  (0x348658f0)  [00|00|   57]
                 [   0x00000000]
                 [   0x00000000]
                 [   0x00000000]
                 -------------
 57  (0x34865900)  [00|00|   58]
                 [   0x00000000]
                 [   0x00000000]
                 [   0x00000000]
                 -------------
 58  (0x34865910)  [00|00|   59]
                 [   0x00000000]
                 [   0x00000000]
                 [   0x00000000]
                 -------------
 59  (0x34865920)  [00|00|   60]
                 [   0x00000000]
                 [   0x00000000]
                 [   0x00000000]
                 -------------
 60  (0x34865930)  [00|00|   61]
                 [   0x00000000]
                 [   0x00000000]
                 [   0x00000000]
                 -------------
 61  (0x34865940)  [00|00|   62]
                 [   0x00000000]
                 [   0x00000000]
                 [   0x00000000]
                 -------------
 62  (0x34865950)  [00|00|   63]
                 [   0x00000000]
                 [   0x00000000]
                 [   0x00000000]
                 -------------
 63  (0x34865960)  [00|00|   64]
                 [   0x00000000]
                 [   0x00000000]
                 [   0x00000000]
                 -------------
 64  (0x34865970)  [00|00|   65]
                 [   0x00000000]
                 [   0x00000000]
                 [   0x00000000]
                 -------------
 65  (0x34865980)  [00|00|   66]
                 [   0x00000000]
                 [   0x00000000]
                 [   0x00000000]
                 -------------
 66  (0x34865990)  [00|00|   67]
                 [   0x00000000]
                 [   0x00000000]
                 [   0x00000000]
                 -------------
 67  (0x348659a0)  [00|00|   68]
                 [   0x00000000]
                 [   0x00000000]
                 [   0x00000000]
                 -------------
 68  (0x348659b0)  [00|00|   69]
                 [   0x00000000]
                 [   0x00000000]
                 [   0x00000000]
                 -------------
 69  (0x348659c0)  [00|00|   70]
                 [   0x00000000]
                 [   0x00000000]
                 [   0x00000000]
                 -------------
 70  (0x348659d0)  [00|b7|   71]
                 [   0x348618c8]
                 [   0x00000000]
                 [   0x00000007]
                 -------------
 71  (0x348659e0)  [00|00|   72]
                 [   0x00000000]
                 [   0x00000000]
                 [   0x00000000]
                 -------------
 72  (0x348659f0)  [00|00|   73]
                 [   0x00000000]
                 [   0x00000000]
                 [   0x00000000]
                 -------------
 73  (0x34865a00)  [00|00|   74]
                 [   0x00000000]
                 [   0x00000000]
                 [   0x00000000]
                 -------------
 74  (0x34865a10)  [00|00|   75]
                 [   0x00000000]
                 [   0x00000000]
                 [   0x00000000]
                 -------------
 75  (0x34865a20)  [00|00|   76]
                 [   0x00000000]
                 [   0x00000000]
                 [   0x00000000]
                 -------------
 76  (0x34865a30)  [00|00|   77]
                 [   0x00000000]
                 [   0x00000000]
                 [   0x00000000]
                 -------------
 77  (0x34865a40)  [00|00|   78]
                 [   0x00000000]
                 [   0x00000000]
                 [   0x00000000]
                 -------------
 78  (0x34865a50)  [00|00|   79]
                 [   0x00000000]
                 [   0x00000000]
                 [   0x00000000]
                 -------------
 79  (0x34865a60)  [00|00|   80]
                 [   0x00000000]
                 [   0x00000000]
                 [   0x00000000]
                 -------------
 80  (0x34865a70)  [00|00|   81]
                 [   0x00000000]
                 [   0x00000000]
                 [   0x00000000]
                 -------------
 81  (0x34865a80)  [00|00|   82]
                 [   0x00000000]
                 [   0x00000000]
                 [   0x00000000]
                 -------------
 82  (0x34865a90)  [00|00|   83]
                 [   0x00000000]
                 [   0x00000000]
                 [   0x00000000]
                 -------------
 83  (0x34865aa0)  [00|00|   84]
                 [   0x00000000]
                 [   0x00000000]
                 [   0x00000000]
                 -------------
 84  (0x34865ab0)  [00|00|   85]
                 [   0x00000000]
                 [   0x00000000]
                 [   0x00000000]
                 -------------
 85  (0x34865ac0)  [00|00|   86]
                 [   0x00000000]
                 [   0x00000000]
                 [   0x00000000]
                 -------------
 86  (0x34865ad0)  [00|00|   87]
                 [   0x00000000]
                 [   0x00000000]
                 [   0x00000000]
                 -------------
 87  (0x34865ae0)  [00|00|   88]
                 [   0x00000000]
                 [   0x00000000]
                 [   0x00000000]
                 -------------
 88  (0x34865af0)  [00|00|   89]
                 [   0x00000000]
                 [   0x00000000]
                 [   0x00000000]
                 -------------
 89  (0x34865b00)  [00|00|   90]
                 [   0x00000000]
                 [   0x00000000]
                 [   0x00000000]
                 -------------
 90  (0x34865b10)  [00|b7|   91]
                 [   0x348622c8]
                 [   0x00000000]
                 [   0x80000004]
                 -------------
 91  (0x34865b20)  [00|00|   92]
                 [   0x00000000]
                 [   0x00000000]
                 [   0x00000000]
                 -------------
 92  (0x34865b30)  [00|00|   93]
                 [   0x00000000]
                 [   0x00000000]
                 [   0x00000000]
                 -------------
 93  (0x34865b40)  [00|b7|   94]
                 [   0x34862448]
                 [   0x00000000]
                 [   0x70000003]
                 -------------
 94  (0x34865b50)  [00|00|   95]
                 [   0x00000000]
                 [   0x00000000]
                 [   0x00000000]
                 -------------
 95  (0x34865b60)  [00|b7|   96]
                 [   0x34862548]
                 [   0x00000000]
                 [   0x70000003]
                 -------------
 96  (0x34865b70)  [00|00|   97]
                 [   0x00000000]
                 [   0x00000000]
                 [   0x00000000]
                 -------------
 97  (0x34865b80)  [00|00|   98]
                 [   0x00000000]
                 [   0x00000000]
                 [   0x00000000]
                 -------------
 98  (0x34865b90)  [00|00|   99]
                 [   0x00000000]
                 [   0x00000000]
                 [   0x00000000]
                 -------------
 99  (0x34865ba0)  [00|00|  100]
                 [   0x00000000]
                 [   0x00000000]
                 [   0x00000000]
                 -------------
100  (0x34865bb0)  [00|b7|  101]
                 [   0x348627c8]
                 [   0x00000000]
                 [   0x80000004]
                 -------------
101  (0x34865bc0)  [00|00|  102]
                 [   0x00000000]
                 [   0x00000000]
                 [   0x00000000]
                 -------------
102  (0x34865bd0)  [00|00|  103]
                 [   0x00000000]
                 [   0x00000000]
                 [   0x00000000]
                 -------------
103  (0x34865be0)  [00|00|  104]
                 [   0x00000000]
                 [   0x00000000]
                 [   0x00000000]
                 -------------
104  (0x34865bf0)  [00|b7|  105]
                 [   0x348629c8]
                 [   0x00000000]
                 [   0x80000006]
                 -------------
105  (0x34865c00)  [00|00|  106]
                 [   0x00000000]
                 [   0x00000000]
                 [   0x00000000]
                 -------------
106  (0x34865c10)  [00|00|  107]
                 [   0x00000000]
                 [   0x00000000]
                 [   0x00000000]
                 -------------
107  (0x34865c20)  [00|00|  108]
                 [   0x00000000]
                 [   0x00000000]
                 [   0x00000000]
                 -------------
108  (0x34865c30)  [00|00|  109]
                 [   0x00000000]
                 [   0x00000000]
                 [   0x00000000]
                 -------------
109  (0x34865c40)  [00|00|  110]
                 [   0x00000000]
                 [   0x00000000]
                 [   0x00000000]
                 -------------
110  (0x34865c50)  [00|00|  111]
                 [   0x00000000]
                 [   0x00000000]
                 [   0x00000000]
                 -------------
111  (0x34865c60)  [00|00|  112]
                 [   0x00000000]
                 [   0x00000000]
                 [   0x00000000]
                 -------------
112  (0x34865c70)  [00|00|  113]
                 [   0x00000000]
                 [   0x00000000]
                 [   0x00000000]
                 -------------
113  (0x34865c80)  [00|00|  114]
                 [   0x00000000]
                 [   0x00000000]
                 [   0x00000000]
                 -------------
114  (0x34865c90)  [00|00|  115]
                 [   0x00000000]
                 [   0x00000000]
                 [   0x00000000]
                 -------------
115  (0x34865ca0)  [00|00|  116]
                 [   0x00000000]
                 [   0x00000000]
                 [   0x00000000]
                 -------------
116  (0x34865cb0)  [00|00|  117]
                 [   0x00000000]
                 [   0x00000000]
                 [   0x00000000]
                 -------------
117  (0x34865cc0)  [00|00|  118]
                 [   0x00000000]
                 [   0x00000000]
                 [   0x00000000]
                 -------------
118  (0x34865cd0)  [00|00|  119]
                 [   0x00000000]
                 [   0x00000000]
                 [   0x00000000]
                 -------------
119  (0x34865ce0)  [00|00|  120]
                 [   0x00000000]
                 [   0x00000000]
                 [   0x00000000]
                 -------------
120  (0x34865cf0)  [00|00|  121]
                 [   0x00000000]
                 [   0x00000000]
                 [   0x00000000]
                 -------------
121  (0x34865d00)  [00|00|  122]
                 [   0x00000000]
                 [   0x00000000]
                 [   0x00000000]
                 -------------
122  (0x34865d10)  [00|00|  123]
                 [   0x00000000]
                 [   0x00000000]
                 [   0x00000000]
                 -------------
123  (0x34865d20)  [00|00|  124]
                 [   0x00000000]
                 [   0x00000000]
                 [   0x00000000]
                 -------------
124  (0x34865d30)  [00|00|  125]
                 [   0x00000000]
                 [   0x00000000]
                 [   0x00000000]
                 -------------
125  (0x34865d40)  [00|00|  126]
                 [   0x00000000]
                 [   0x00000000]
                 [   0x00000000]
                 -------------
126  (0x34865d50)  [00|00|  127]
                 [   0x00000000]
                 [   0x00000000]
                 [   0x00000000]
                 -------------
127  (0x34865d60)  [00|00|  128]
                 [   0x00000000]
                 [   0x00000000]
                 [   0x00000000]
                 -------------
128  (0x34865d70)  [00|00|  129]
                 [   0x00000000]
                 [   0x00000000]
                 [   0x00000000]
                 -------------
129  (0x34865d80)  [00|00|  130]
                 [   0x00000000]
                 [   0x00000000]
                 [   0x00000000]
                 -------------
130  (0x34865d90)  [00|00|  131]
                 [   0x00000000]
                 [   0x00000000]
                 [   0x00000000]
                 -------------
131  (0x34865da0)  [00|00|  132]
                 [   0x00000000]
                 [   0x00000000]
                 [   0x00000000]
                 -------------
132  (0x34865db0)  [00|00|  133]
                 [   0x00000000]
                 [   0x00000000]
                 [   0x00000000]
                 -------------
133  (0x34865dc0)  [00|00|  134]
                 [   0x00000000]
                 [   0x00000000]
                 [   0x00000000]
                 -------------
134  (0x34865dd0)  [00|00|  135]
                 [   0x00000000]
                 [   0x00000000]
                 [   0x00000000]
                 -------------
135  (0x34865de0)  [00|00|  136]
                 [   0x00000000]
                 [   0x00000000]
                 [   0x00000000]
                 -------------
136  (0x34865df0)  [00|00|  137]
                 [   0x00000000]
                 [   0x00000000]
                 [   0x00000000]
                 -------------
137  (0x34865e00)  [00|00|  138]
                 [   0x00000000]
                 [   0x00000000]
                 [   0x00000000]
                 -------------
138  (0x34865e10)  [00|00|  139]
                 [   0x00000000]
                 [   0x00000000]
                 [   0x00000000]
                 -------------
139  (0x34865e20)  [00|00|  140]
                 [   0x00000000]
                 [   0x00000000]
                 [   0x00000000]
                 -------------
140  (0x34865e30)  [00|00|  141]
                 [   0x00000000]
                 [   0x00000000]
                 [   0x00000000]
                 -------------
141  (0x34865e40)  [00|00|  142]
                 [   0x00000000]
                 [   0x00000000]
                 [   0x00000000]
                 -------------
142  (0x34865e50)  [00|00|  143]
                 [   0x00000000]
                 [   0x00000000]
                 [   0x00000000]
                 -------------
143  (0x34865e60)  [00|00|  144]
                 [   0x00000000]
                 [   0x00000000]
                 [   0x00000000]
                 -------------
144  (0x34865e70)  [00|00|  145]
                 [   0x00000000]
                 [   0x00000000]
                 [   0x00000000]
                 -------------
145  (0x34865e80)  [00|00|  146]
                 [   0x00000000]
                 [   0x00000000]
                 [   0x00000000]
                 -------------
146  (0x34865e90)  [00|00|  147]
                 [   0x00000000]
                 [   0x00000000]
                 [   0x00000000]
                 -------------
147  (0x34865ea0)  [00|00|  148]
                 [   0x00000000]
                 [   0x00000000]
                 [   0x00000000]
                 -------------
148  (0x34865eb0)  [00|00|  149]
                 [   0x00000000]
                 [   0x00000000]
                 [   0x00000000]
                 -------------
149  (0x34865ec0)  [00|00|  150]
                 [   0x00000000]
                 [   0x00000000]
                 [   0x00000000]
                 -------------
150  (0x34865ed0)  [00|00|  151]
                 [   0x00000000]
                 [   0x00000000]
                 [   0x00000000]
                 -------------
151  (0x34865ee0)  [00|00|  152]
                 [   0x00000000]
                 [   0x00000000]
                 [   0x00000000]
                 -------------
152  (0x34865ef0)  [00|00|  153]
                 [   0x00000000]
                 [   0x00000000]
                 [   0x00000000]
                 -------------
153  (0x34865f00)  [00|00|  154]
                 [   0x00000000]
                 [   0x00000000]
                 [   0x00000000]
                 -------------
154  (0x34865f10)  [00|00|  155]
                 [   0x00000000]
                 [   0x00000000]
                 [   0x00000000]
                 -------------
155  (0x34865f20)  [00|00|  156]
                 [   0x00000000]
                 [   0x00000000]
                 [   0x00000000]
                 -------------
156  (0x34865f30)  [00|00|  157]
                 [   0x00000000]
                 [   0x00000000]
                 [   0x00000000]
                 -------------
157  (0x34865f40)  [00|00|  158]
                 [   0x00000000]
                 [   0x00000000]
                 [   0x00000000]
                 -------------
158  (0x34865f50)  [00|00|  159]
                 [   0x00000000]
                 [   0x00000000]
                 [   0x00000000]
                 -------------
159  (0x34865f60)  [00|00|  160]
                 [   0x00000000]
                 [   0x00000000]
                 [   0x00000000]
                 -------------
160  (0x34865f70)  [00|00|  161]
                 [   0x00000000]
                 [   0x00000000]
                 [   0x00000000]
                 -------------
161  (0x34865f80)  [00|00|  162]
                 [   0x00000000]
                 [   0x00000000]
                 [   0x00000000]
                 -------------
162  (0x34865f90)  [00|00|  163]
                 [   0x00000000]
                 [   0x00000000]
                 [   0x00000000]
                 -------------
163  (0x34865fa0)  [00|00|  164]
                 [   0x00000000]
                 [   0x00000000]
                 [   0x00000000]
                 -------------
164  (0x34865fb0)  [00|00|  165]
                 [   0x00000000]
                 [   0x00000000]
                 [   0x00000000]
                 -------------
165  (0x34865fc0)  [00|00|  166]
                 [   0x00000000]
                 [   0x00000000]
                 [   0x00000000]
                 -------------
166  (0x34865fd0)  [00|00|  167]
                 [   0x00000000]
                 [   0x00000000]
                 [   0x00000000]
                 -------------
167  (0x34865fe0)  [00|00|  168]
                 [   0x00000000]
                 [   0x00000000]
                 [   0x00000000]
                 -------------
168  (0x34865ff0)  [00|00|  169]
                 [   0x00000000]
                 [   0x00000000]
                 [   0x00000000]
                 -------------
169  (0x34866000)  [00|00|  170]
                 [   0x00000000]
                 [   0x00000000]
                 [   0x00000000]
                 -------------
170  (0x34866010)  [00|00|  171]
                 [   0x00000000]
                 [   0x00000000]
                 [   0x00000000]
                 -------------
171  (0x34866020)  [00|00|  172]
                 [   0x00000000]
                 [   0x00000000]
                 [   0x00000000]
                 -------------
172  (0x34866030)  [00|00|  173]
                 [   0x00000000]
                 [   0x00000000]
                 [   0x00000000]
                 -------------
173  (0x34866040)  [00|00|  174]
                 [   0x00000000]
                 [   0x00000000]
                 [   0x00000000]
                 -------------
174  (0x34866050)  [00|00|  175]
                 [   0x00000000]
                 [   0x00000000]
                 [   0x00000000]
                 -------------
175  (0x34866060)  [00|00|  176]
                 [   0x00000000]
                 [   0x00000000]
                 [   0x00000000]
                 -------------
176  (0x34866070)  [00|00|  177]
                 [   0x00000000]
                 [   0x00000000]
                 [   0x00000000]
                 -------------
177  (0x34866080)  [00|b7|  178]
                 [   0x39200188]
                 [   0x00000000]
                 [   0x80000001]
                 -------------
178  (0x34866090)  [b3|b2|  179]
                 [   0x248d7ad8]
                 [   0x00000058]
                 [   0x74000000]
                 -------------
179  (0x348660a0)  [00|b8|  180]
                 [   0x3923b2a8]
                 [   0x00000000]
                 [   0x70400002]
                 -------------
180  (0x348660b0)  [00|b9|  181]
                 [   0x3921aa40]
                 [   0x00000002]
                 [   0x70000002]
                 -------------
181  (0x348660c0)  [00|b7|  183]
                 [   0x3485f500]
                 [   0x00000000]
                 [   0x80000003]
                 -------------
182  (0x348660d0)  [00|b9|  184]
                 [   0x3921aa40]
                 [   0x00000006]
                 [   0x70000003]
                 -------------
183  (0x348660e0)  [00|b7|  186]
                 [   0x392419d8]
                 [   0x00000000]
                 [   0x80000001]
                 -------------
ESP=0x004ff13c is pointing into the stack for thread: 0x002fc000
EBP=0x004ff158 is pointing into the stack for thread: 0x002fc000
ESI=0x002fc130 is an unknown value
EDI=0x002fc000 is a thread


Stack: [0x004b0000,0x00500000],  sp=0x004ff13c,  free space=316k
Native frames: (J=compiled Java code, j=interpreted, Vv=VM code, C=native code)
V  [jvm.dll+0xc569b]
C  [bwapi_bridge1_2.dll+0x5aeb]
j  bwapi.Game.canBuildHere_native(JLbwapi/Unit;Lbwapi/TilePosition;Lbwapi/UnitType;Z)Z+0
j  bwapi.Game.canBuildHere(Lbwapi/Unit;Lbwapi/TilePosition;Lbwapi/UnitType;Z)Z+10
j  TestBot1.getBuildTile(Lbwapi/Unit;Lbwapi/UnitType;Lbwapi/TilePosition;)Lbwapi/TilePosition;+163
j  TestBot1$Commander2.giveorder()V+54
J 40 C1 TestBot1.onFrame()V (294 bytes) @ 0x026cccbc [0x026cc5d0+0x6ec]
j  bwapi.AIModule.onFrame()V+11
v  ~StubRoutines::call_stub
V  [jvm.dll+0x1429aa]
V  [jvm.dll+0x20743e]
V  [jvm.dll+0x142a2d]
V  [jvm.dll+0xcb7b2]
V  [jvm.dll+0xcf403]
C  [bwapi_bridge1_2.dll+0x107a]
C  [bwapi_bridge1_2.dll+0x2828f]
j  bwapi.Mirror.startGame()V+0
j  TestBot1.run()V+15
j  TestBot1.main([Ljava/lang/String;)V+7
v  ~StubRoutines::call_stub
V  [jvm.dll+0x1429aa]
V  [jvm.dll+0x20743e]
V  [jvm.dll+0x142a2d]
V  [jvm.dll+0xcb535]
V  [jvm.dll+0xd61d7]
C  [javaw.exe+0x2070]
C  [javaw.exe+0xa6d1]
C  [javaw.exe+0xa75b]
C  [kernel32.dll+0x1337a]
C  [ntdll.dll+0x39882]
C  [ntdll.dll+0x39855]

Java frames: (J=compiled Java code, j=interpreted, Vv=VM code)
j  bwapi.Game.canBuildHere_native(JLbwapi/Unit;Lbwapi/TilePosition;Lbwapi/UnitType;Z)Z+0
j  bwapi.Game.canBuildHere(Lbwapi/Unit;Lbwapi/TilePosition;Lbwapi/UnitType;Z)Z+10
j  TestBot1.getBuildTile(Lbwapi/Unit;Lbwapi/UnitType;Lbwapi/TilePosition;)Lbwapi/TilePosition;+163
j  TestBot1$Commander2.giveorder()V+54
J 40 C1 TestBot1.onFrame()V (294 bytes) @ 0x026cccbc [0x026cc5d0+0x6ec]
j  bwapi.AIModule.onFrame()V+11
v  ~StubRoutines::call_stub
j  bwapi.Mirror.startGame()V+0
j  TestBot1.run()V+15
j  TestBot1.main([Ljava/lang/String;)V+7
v  ~StubRoutines::call_stub

---------------  P R O C E S S  ---------------

Java Threads: ( => current thread )
  0x00456c00 JavaThread "Service Thread" daemon [_thread_blocked, id=10780, stack(0x00fa0000,0x00ff0000)]
  0x00451400 JavaThread "C1 CompilerThread0" daemon [_thread_blocked, id=16976, stack(0x04a20000,0x04a70000)]
  0x00450000 JavaThread "Attach Listener" daemon [_thread_blocked, id=8512, stack(0x048c0000,0x04910000)]
  0x003e6c00 JavaThread "Signal Dispatcher" daemon [_thread_blocked, id=15984, stack(0x04800000,0x04850000)]
  0x003df800 JavaThread "Finalizer" daemon [_thread_blocked, id=22072, stack(0x011a0000,0x011f0000)]
  0x003de000 JavaThread "Reference Handler" daemon [_thread_blocked, id=15864, stack(0x00ff0000,0x01040000)]
=>0x002fc000 JavaThread "main" [_thread_in_vm, id=9732, stack(0x004b0000,0x00500000)]

Other Threads:
  0x003dc000 VMThread [stack: 0x010f0000,0x01140000] [id=8764]
  0x0046fc00 WatcherThread [stack: 0x04b20000,0x04b70000] [id=13568]

VM state:not at safepoint (normal execution)

VM Mutex/Monitor currently owned by a thread: None

Heap
 def new generation   total 4928K, used 2699K [0x24800000, 0x24d50000, 0x29d50000)
  eden space 4416K,  61% used [0x24800000, 0x24aa2dd0, 0x24c50000)
  from space 512K,   0% used [0x24c50000, 0x24c50000, 0x24cd0000)
  to   space 512K,   0% used [0x24cd0000, 0x24cd0000, 0x24d50000)
 tenured generation   total 10944K, used 0K [0x29d50000, 0x2a800000, 0x34800000)
   the space 10944K,   0% used [0x29d50000, 0x29d50000, 0x29d50200, 0x2a800000)
 compacting perm gen  total 12288K, used 437K [0x34800000, 0x35400000, 0x38800000)
   the space 12288K,   3% used [0x34800000, 0x3486d790, 0x3486d800, 0x35400000)
    ro space 10240K,  42% used [0x38800000, 0x38c37108, 0x38c37200, 0x39200000)
    rw space 12288K,  52% used [0x39200000, 0x39841738, 0x39841800, 0x39e00000)

Card table byte_map: [0x00e80000,0x00f30000] byte_map_base: 0x00d5c000

Polling page: 0x001e0000

Code Cache  [0x02630000, 0x026d8000, 0x04630000)
 total_blobs=206 nmethods=69 adapters=74 free_code_cache=32113Kb largest_free_block=32883776

Compilation events (10 events):
Event: 49.723 Thread 0x00451400   64             java.util.ArrayList::<init> (12 bytes)
Event: 49.723 Thread 0x00451400 nmethod 64 0x026d2f08 code [0x026d3000, 0x026d3090]
Event: 49.926 Thread 0x00451400   66             java.util.ArrayList::iterator (10 bytes)
Event: 49.926 Thread 0x00451400 nmethod 66 0x026d3348 code [0x026d3440, 0x026d3520]
Event: 49.926 Thread 0x00451400   67             java.util.ArrayList$Itr::<init> (6 bytes)
Event: 49.926 Thread 0x00451400 nmethod 67 0x026d3588 code [0x026d3680, 0x026d3720]
Event: 49.926 Thread 0x00451400   68             java.util.ArrayList$Itr::<init> (26 bytes)
Event: 49.927 Thread 0x00451400 nmethod 68 0x026d37c8 code [0x026d38c0, 0x026d3960]
Event: 55.279 Thread 0x00451400   69             bwapi.Player::minerals (9 bytes)
Event: 55.280 Thread 0x00451400 nmethod 69 0x026d39c8 code [0x026d3ac0, 0x026d3b5c]

GC Heap History (0 events):
No events

Deoptimization events (0 events):
No events

Internal exceptions (10 events):
Event: 0.297 Thread 0x002fc000 Threw 0x248b1158 at C:\re\jdk7u80\2329\hotspot\src\share\vm\prims\jvm.cpp:1319
Event: 0.299 Thread 0x002fc000 Threw 0x248b4660 at C:\re\jdk7u80\2329\hotspot\src\share\vm\prims\jvm.cpp:1319
Event: 0.302 Thread 0x002fc000 Threw 0x248ba060 at C:\re\jdk7u80\2329\hotspot\src\share\vm\prims\jvm.cpp:1319
Event: 0.305 Thread 0x002fc000 Threw 0x248be770 at C:\re\jdk7u80\2329\hotspot\src\share\vm\prims\jvm.cpp:1319
Event: 0.315 Thread 0x002fc000 Threw 0x248c6608 at C:\re\jdk7u80\2329\hotspot\src\share\vm\prims\jvm.cpp:1319
Event: 0.319 Thread 0x002fc000 Threw 0x248cccb0 at C:\re\jdk7u80\2329\hotspot\src\share\vm\prims\jvm.cpp:1319
Event: 16.435 Thread 0x002fc000 Threw 0x248d5938 at C:\re\jdk7u80\2329\hotspot\src\share\vm\prims\jvm.cpp:1319
Event: 16.440 Thread 0x002fc000 Threw 0x248d7e88 at C:\re\jdk7u80\2329\hotspot\src\share\vm\prims\jvm.cpp:1319
Event: 25.125 Thread 0x002fc000 Threw 0x248efb10 at C:\re\jdk7u80\2329\hotspot\src\share\vm\prims\jvm.cpp:1319
Event: 25.143 Thread 0x002fc000 Threw 0x248f7aa8 at C:\re\jdk7u80\2329\hotspot\src\share\vm\prims\jvm.cpp:1319

Events (10 events):
Event: 16.435 loading class 0x004732b8
Event: 16.435 loading class 0x004732b8 done
Event: 16.440 loading class 0x0047f1c0
Event: 16.440 loading class 0x0047f1c0 done
Event: 25.125 loading class 0x0047c848
Event: 25.125 loading class 0x0047c848 done
Event: 25.142 loading class 0x00473358
Event: 25.142 loading class 0x00473358 done
Event: 27.072 loading class 0x39e3a2e8
Event: 27.072 loading class 0x39e3a2e8 done


Dynamic libraries:
0x01200000 - 0x0122f000 	C:\Program Files (x86)\Java\jre7\bin\javaw.exe
0x77780000 - 0x77900000 	C:\Windows\SysWOW64\ntdll.dll
0x76ed0000 - 0x76fe0000 	C:\Windows\syswow64\kernel32.dll
0x76c60000 - 0x76ca7000 	C:\Windows\syswow64\KERNELBASE.dll
0x76aa0000 - 0x76b41000 	C:\Windows\syswow64\ADVAPI32.dll
0x76fe0000 - 0x7708c000 	C:\Windows\syswow64\msvcrt.dll
0x76eb0000 - 0x76ec9000 	C:\Windows\SysWOW64\sechost.dll
0x771d0000 - 0x772c0000 	C:\Windows\syswow64\RPCRT4.dll
0x750e0000 - 0x75140000 	C:\Windows\syswow64\SspiCli.dll
0x750d0000 - 0x750dc000 	C:\Windows\syswow64\CRYPTBASE.dll
0x768c0000 - 0x769c0000 	C:\Windows\syswow64\USER32.dll
0x76b50000 - 0x76be0000 	C:\Windows\syswow64\GDI32.dll
0x76c50000 - 0x76c5a000 	C:\Windows\syswow64\LPK.dll
0x772e0000 - 0x7737d000 	C:\Windows\syswow64\USP10.dll
0x717a0000 - 0x7193e000 	C:\Windows\WinSxS\x86_microsoft.windows.common-controls_6595b64144ccf1df_6.0.7601.18837_none_41e855142bd5705d\COMCTL32.dll
0x770c0000 - 0x77117000 	C:\Windows\syswow64\SHLWAPI.dll
0x76bf0000 - 0x76c50000 	C:\Windows\system32\IMM32.DLL
0x769c0000 - 0x76a8c000 	C:\Windows\syswow64\MSCTF.dll
0x71990000 - 0x71a07000 	C:\Program Files (x86)\AVG\AVG2015\avghookx.dll
0x64f50000 - 0x6500f000 	C:\Program Files (x86)\Java\jre7\bin\msvcr100.dll
0x64b10000 - 0x64e9b000 	C:\Program Files (x86)\Java\jre7\bin\client\jvm.dll
0x739d0000 - 0x739d7000 	C:\Windows\system32\WSOCK32.dll
0x76e70000 - 0x76ea5000 	C:\Windows\syswow64\WS2_32.dll
0x76a90000 - 0x76a96000 	C:\Windows\syswow64\NSI.dll
0x70320000 - 0x70352000 	C:\Windows\system32\WINMM.dll
0x767b0000 - 0x767b5000 	C:\Windows\syswow64\PSAPI.DLL
0x71500000 - 0x7150c000 	C:\Program Files (x86)\Java\jre7\bin\verify.dll
0x6abf0000 - 0x6ac11000 	C:\Program Files (x86)\Java\jre7\bin\java.dll
0x65bd0000 - 0x65be3000 	C:\Program Files (x86)\Java\jre7\bin\zip.dll
0x644e0000 - 0x646f7000 	C:\Program Files (x86)\StarCraft\BWAPI\bwmirror_ExampleBot\ExampleBot\bwapi_bridge1_2.dll
0x10000000 - 0x1002b000 	C:\Windows\gmp-vc90-mt.dll
0x734b0000 - 0x73553000 	C:\Windows\WinSxS\x86_microsoft.vc90.crt_1fc8b3b9a1e18e3b_9.0.30729.6161_none_50934f2ebcb7eb57\MSVCR90.dll
0x671f0000 - 0x6727e000 	C:\Windows\WinSxS\x86_microsoft.vc90.crt_1fc8b3b9a1e18e3b_9.0.30729.6161_none_50934f2ebcb7eb57\MSVCP90.dll
0x00df0000 - 0x00e31000 	C:\Windows\mpfr-vc90-mt.dll
0x73890000 - 0x7397b000 	C:\Windows\system32\dbghelp.dll

VM Arguments:
jvm_args: -Dfile.encoding=Cp1252 
java_command: TestBot1
Launcher Type: SUN_STANDARD

Environment Variables:
PATH=C:/Program Files (x86)/Java/jre7/bin/client;C:/Program Files (x86)/Java/jre7/bin;C:/Program Files (x86)/Java/jre7/lib/i386;C:\Program Files\Common Files\Microsoft Shared\Windows Live;C:\Program Files (x86)\Common Files\Microsoft Shared\Windows Live;C:\Windows\system32;C:\Windows;C:\Windows\System32\Wbem;C:\Windows\System32\WindowsPowerShell\v1.0\;C:\Program Files (x86)\Windows Live\Shared;C:\Program Files\Intel\WiFi\bin\;C:\Program Files\Common Files\Intel\WirelessCommon\;C:\Program Files (x86)\Microsoft SQL Server\100\Tools\Binn\;C:\Program Files (x86)\Microsoft SQL Server\100\DTS\Binn\;C:\Program Files (x86)\QuickTime\QTSystem\;C:\Users\Owner\.dnx\bin;C:\Program Files\Microsoft DNX\Dnvm\;C:\Program Files (x86)\Windows Kits\8.1\Windows Performance Toolkit\;C:\Program Files (x86)\Heroku\bin;C:\Program Files (x86)\git\cmd;C:\python27\scripts;C:\Program Files (x86)\StarCraft\BWAPI\BWAPI 3.7.4\BWAPI 3.7.4\eclipse;
USERNAME=Owner
OS=Windows_NT
PROCESSOR_IDENTIFIER=Intel64 Family 6 Model 42 Stepping 7, GenuineIntel



---------------  S Y S T E M  ---------------

OS: Windows 7 , 64 bit Build 7601 Service Pack 1

CPU:total 4 (2 cores per cpu, 2 threads per core) family 6 model 42 stepping 7, cmov, cx8, fxsr, mmx, sse, sse2, sse3, ssse3, sse4.1, sse4.2, popcnt, avx, ht, tsc, tscinvbit

Memory: 4k page, physical 8160400k(5050280k free), swap 16318964k(11566008k free)

vm_info: Java HotSpot(TM) Client VM (24.80-b11) for windows-x86 JRE (1.7.0_80-b15), built on Apr 10 2015 13:33:35 by "java_re" with unknown MS VC++:1600

time: Mon Dec 07 17:39:46 2015
elapsed time: 57 seconds

