#
# A fatal error has been detected by the Java Runtime Environment:
#
#  EXCEPTION_ACCESS_VIOLATION (0xc0000005) at pc=0x6254569b, pid=6456, tid=5340
#
# JRE version: Java(TM) SE Runtime Environment (7.0_80-b15) (build 1.7.0_80-b15)
# Java VM: Java HotSpot(TM) Client VM (24.80-b11 mixed mode, sharing windows-x86 )
# Problematic frame:
# V  [jvm.dll+0xc569b]
#
# Failed to write core dump. Minidumps are not enabled by default on client versions of Windows
#
# If you would like to submit a bug report, please visit:
#   http://bugreport.java.com/bugreport/crash.jsp
#

---------------  T H R E A D  ---------------

Current thread (0x0063c000):  JavaThread "main" [_thread_in_vm, id=5340, stack(0x00b60000,0x00bb0000)]

siginfo: ExceptionCode=0xc0000005, reading address 0x00000000

Registers:
EAX=0x00000000, EBX=0x34862610, ECX=0x00000000, EDX=0x00000000
ESP=0x00baf1cc, EBP=0x00baf1e8, ESI=0x0063c130, EDI=0x0063c000
EIP=0x6254569b, EFLAGS=0x00010246

Top of Stack: (sp=0x00baf1cc)
0x00baf1cc:   00000000 0063c130 34862610 0063c000
0x00baf1dc:   00000000 0063a150 0063c000 00baf218
0x00baf1ec:   5a73595b 0063c130 00000000 0063c000
0x00baf1fc:   34862610 34862610 34862610 0063c9e4
0x00baf20c:   00baf268 0245a9ba 0063c000 00baf268
0x00baf21c:   0245aabd 0063c130 00baf28c 05bd0020
0x00baf22c:   0063c000 00000000 00baf27c 00baf278
0x00baf23c:   00000000 458b04c4 6c87c7fc 00baf248 

Instructions: (pc=0x6254569b)
0x6254567b:   f3 ff 83 c4 08 83 7f 04 00 89 7d f0 c7 45 f4 00
0x6254568b:   00 00 00 74 08 8d 4d f0 e8 78 aa 0c 00 8b 45 0c
0x6254569b:   8b 08 8b 51 04 8b 42 40 50 56 e8 a6 e3 07 00 83
0x625456ab:   c4 08 83 7d f4 00 89 45 08 74 08 8d 4d f0 e8 92 


Register to memory mapping:

EAX=0x00000000 is an unknown value
EBX=0x34862610 is an oop
{method} 
 - klass: {other class}
ECX=0x00000000 is an unknown value
EDX=0x00000000 is an unknown value
ESP=0x00baf1cc is pointing into the stack for thread: 0x0063c000
EBP=0x00baf1e8 is pointing into the stack for thread: 0x0063c000
ESI=0x0063c130 is an unknown value
EDI=0x0063c000 is a thread


Stack: [0x00b60000,0x00bb0000],  sp=0x00baf1cc,  free space=316k
Native frames: (J=compiled Java code, j=interpreted, Vv=VM code, C=native code)
V  [jvm.dll+0xc569b]
C  [bwapi_bridge1_2.dll+0x595b]
j  bwapi.Game.canBuildHere_native(JLbwapi/Unit;Lbwapi/TilePosition;Lbwapi/UnitType;)Z+0
J 42 C1 TestBot1.onFrame()V (1072 bytes) @ 0x024ed0fc [0x024ecb90+0x56c]
j  bwapi.AIModule.onFrame()V+11
v  ~StubRoutines::call_stub
V  [jvm.dll+0x1429aa]
V  [jvm.dll+0x20743e]
V  [jvm.dll+0x142a2d]
V  [jvm.dll+0xcb7b2]
V  [jvm.dll+0xcf403]
C  [bwapi_bridge1_2.dll+0x107a]
C  [bwapi_bridge1_2.dll+0x2828f]
j  bwapi.Mirror.startGame()V+0
j  TestBot1.run()V+15
j  TestBot1.main([Ljava/lang/String;)V+7
v  ~StubRoutines::call_stub
V  [jvm.dll+0x1429aa]
V  [jvm.dll+0x20743e]
V  [jvm.dll+0x142a2d]
V  [jvm.dll+0xcb535]
V  [jvm.dll+0xd61d7]
C  [javaw.exe+0x2070]
C  [javaw.exe+0xa6d1]
C  [javaw.exe+0xa75b]
C  [kernel32.dll+0x1337a]
C  [ntdll.dll+0x39882]
C  [ntdll.dll+0x39855]

Java frames: (J=compiled Java code, j=interpreted, Vv=VM code)
j  bwapi.Game.canBuildHere_native(JLbwapi/Unit;Lbwapi/TilePosition;Lbwapi/UnitType;)Z+0
J 42 C1 TestBot1.onFrame()V (1072 bytes) @ 0x024ed0fc [0x024ecb90+0x56c]
j  bwapi.AIModule.onFrame()V+11
v  ~StubRoutines::call_stub
j  bwapi.Mirror.startGame()V+0
j  TestBot1.run()V+15
j  TestBot1.main([Ljava/lang/String;)V+7
v  ~StubRoutines::call_stub

---------------  P R O C E S S  ---------------

Java Threads: ( => current thread )
  0x005c3400 JavaThread "Service Thread" daemon [_thread_blocked, id=1684, stack(0x04720000,0x04770000)]
  0x005c1800 JavaThread "C1 CompilerThread0" daemon [_thread_blocked, id=6192, stack(0x04590000,0x045e0000)]
  0x005c0400 JavaThread "Attach Listener" daemon [_thread_blocked, id=8008, stack(0x00c30000,0x00c80000)]
  0x00555400 JavaThread "Signal Dispatcher" daemon [_thread_blocked, id=3960, stack(0x04460000,0x044b0000)]
  0x00553000 JavaThread "Finalizer" daemon [_thread_blocked, id=7220, stack(0x00d30000,0x00d80000)]
  0x0054e000 JavaThread "Reference Handler" daemon [_thread_blocked, id=2268, stack(0x00ab0000,0x00b00000)]
=>0x0063c000 JavaThread "main" [_thread_in_vm, id=5340, stack(0x00b60000,0x00bb0000)]

Other Threads:
  0x0054c000 VMThread [stack: 0x00bc0000,0x00c10000] [id=6860]
  0x005d4c00 WatcherThread [stack: 0x047a0000,0x047f0000] [id=7492]

VM state:not at safepoint (normal execution)

VM Mutex/Monitor currently owned by a thread: None

Heap
 def new generation   total 4928K, used 1592K [0x24800000, 0x24d50000, 0x29d50000)
  eden space 4416K,  36% used [0x24800000, 0x2498e0d0, 0x24c50000)
  from space 512K,   0% used [0x24c50000, 0x24c50000, 0x24cd0000)
  to   space 512K,   0% used [0x24cd0000, 0x24cd0000, 0x24d50000)
 tenured generation   total 10944K, used 0K [0x29d50000, 0x2a800000, 0x34800000)
   the space 10944K,   0% used [0x29d50000, 0x29d50000, 0x29d50200, 0x2a800000)
 compacting perm gen  total 12288K, used 448K [0x34800000, 0x35400000, 0x38800000)
   the space 12288K,   3% used [0x34800000, 0x34870350, 0x34870400, 0x35400000)
    ro space 10240K,  42% used [0x38800000, 0x38c37108, 0x38c37200, 0x39200000)
    rw space 12288K,  52% used [0x39200000, 0x39841738, 0x39841800, 0x39e00000)

Card table byte_map: [0x00970000,0x00a20000] byte_map_base: 0x0084c000

Polling page: 0x00130000

Code Cache  [0x02450000, 0x024f8000, 0x04450000)
 total_blobs=198 nmethods=61 adapters=74 free_code_cache=32104Kb largest_free_block=32875200

Compilation events (10 events):
Event: 10.129 Thread 0x005c1800   56             java.io.OutputStream::flush (1 bytes)
Event: 10.129 Thread 0x005c1800 nmethod 56 0x024f4708 code [0x024f4800, 0x024f4880]
Event: 10.427 Thread 0x005c1800   58             java.lang.String::<init> (67 bytes)
Event: 10.427 Thread 0x005c1800 nmethod 58 0x024f4b48 code [0x024f4c80, 0x024f4ec0]
Event: 10.427 Thread 0x005c1800   59             java.util.Arrays::copyOfRange (63 bytes)
Event: 10.428 Thread 0x005c1800 nmethod 59 0x024f5088 code [0x024f51e0, 0x024f5578]
Event: 10.428 Thread 0x005c1800   60             java.lang.StringBuilder::append (8 bytes)
Event: 10.428 Thread 0x005c1800 nmethod 60 0x024f5808 code [0x024f5900, 0x024f599c]
Event: 10.428 Thread 0x005c1800   61             java.lang.StringBuilder::append (8 bytes)
Event: 10.429 Thread 0x005c1800 nmethod 61 0x024f5a08 code [0x024f5b10, 0x024f5bfc]

GC Heap History (0 events):
No events

Deoptimization events (0 events):
No events

Internal exceptions (10 events):
Event: 0.221 Thread 0x0063c000 Threw 0x248c1c48 at C:\re\jdk7u80\2329\hotspot\src\share\vm\prims\jvm.cpp:1319
Event: 0.227 Thread 0x0063c000 Threw 0x248c9c48 at C:\re\jdk7u80\2329\hotspot\src\share\vm\prims\jvm.cpp:1319
Event: 0.230 Thread 0x0063c000 Threw 0x248d02f0 at C:\re\jdk7u80\2329\hotspot\src\share\vm\prims\jvm.cpp:1319
Event: 0.304 Thread 0x0063c000 Threw 0x248d8f78 at C:\re\jdk7u80\2329\hotspot\src\share\vm\prims\jvm.cpp:1319
Event: 0.309 Thread 0x0063c000 Threw 0x248ec728 at C:\re\jdk7u80\2329\hotspot\src\share\vm\prims\jvm.cpp:1319
Event: 5.057 Thread 0x0063c000 Threw 0x248f0a20 at C:\re\jdk7u80\2329\hotspot\src\share\vm\prims\jvm.cpp:1319
Event: 5.069 Thread 0x0063c000 Threw 0x248f91d0 at C:\re\jdk7u80\2329\hotspot\src\share\vm\prims\jvm.cpp:1319
Event: 6.558 Thread 0x0063c000 Threw 0x248fc4e8 at C:\re\jdk7u80\2329\hotspot\src\share\vm\prims\jvm.cpp:1319
Event: 6.559 Thread 0x0063c000 Threw 0x248ffe90 at C:\re\jdk7u80\2329\hotspot\src\share\vm\prims\jvm.cpp:1319
Event: 6.560 Thread 0x0063c000 Threw 0x24902d80 at C:\re\jdk7u80\2329\hotspot\src\share\vm\prims\jvm.cpp:1319

Events (10 events):
Event: 5.069 loading class 0x005eb070
Event: 5.069 loading class 0x005eb070 done
Event: 6.558 loading class 0x005ee188
Event: 6.558 loading class 0x005ee188 done
Event: 6.559 loading class 0x005eecd8
Event: 6.559 loading class 0x005eecd8 done
Event: 6.560 loading class 0x0481ff30
Event: 6.560 loading class 0x0481ff30 done
Event: 6.561 loading class 0x39e3a2e8
Event: 6.561 loading class 0x39e3a2e8 done


Dynamic libraries:
0x01020000 - 0x0104f000 	C:\Program Files (x86)\Java\jre7\bin\javaw.exe
0x770b0000 - 0x77230000 	C:\Windows\SysWOW64\ntdll.dll
0x752f0000 - 0x75400000 	C:\Windows\syswow64\kernel32.dll
0x76c60000 - 0x76ca7000 	C:\Windows\syswow64\KERNELBASE.dll
0x767c0000 - 0x76861000 	C:\Windows\syswow64\ADVAPI32.dll
0x76990000 - 0x76a3c000 	C:\Windows\syswow64\msvcrt.dll
0x75550000 - 0x75569000 	C:\Windows\SysWOW64\sechost.dll
0x74cc0000 - 0x74db0000 	C:\Windows\syswow64\RPCRT4.dll
0x74a10000 - 0x74a70000 	C:\Windows\syswow64\SspiCli.dll
0x74a00000 - 0x74a0c000 	C:\Windows\syswow64\CRYPTBASE.dll
0x74aa0000 - 0x74ba0000 	C:\Windows\syswow64\USER32.dll
0x76440000 - 0x764d0000 	C:\Windows\syswow64\GDI32.dll
0x77080000 - 0x7708a000 	C:\Windows\syswow64\LPK.dll
0x76880000 - 0x7691d000 	C:\Windows\syswow64\USP10.dll
0x6f7d0000 - 0x6f96e000 	C:\Windows\WinSxS\x86_microsoft.windows.common-controls_6595b64144ccf1df_6.0.7601.18837_none_41e855142bd5705d\COMCTL32.dll
0x76c00000 - 0x76c57000 	C:\Windows\syswow64\SHLWAPI.dll
0x75580000 - 0x755e0000 	C:\Windows\system32\IMM32.DLL
0x74bc0000 - 0x74c8c000 	C:\Windows\syswow64\MSCTF.dll
0x71520000 - 0x71597000 	C:\Program Files (x86)\AVG\AVG2015\avghookx.dll
0x62ea0000 - 0x62f5f000 	C:\Program Files (x86)\Java\jre7\bin\msvcr100.dll
0x62480000 - 0x6280b000 	C:\Program Files (x86)\Java\jre7\bin\client\jvm.dll
0x71150000 - 0x71157000 	C:\Windows\system32\WSOCK32.dll
0x76370000 - 0x763a5000 	C:\Windows\syswow64\WS2_32.dll
0x76360000 - 0x76366000 	C:\Windows\syswow64\NSI.dll
0x72450000 - 0x72482000 	C:\Windows\system32\WINMM.dll
0x76870000 - 0x76875000 	C:\Windows\syswow64\PSAPI.DLL
0x67730000 - 0x6773c000 	C:\Program Files (x86)\Java\jre7\bin\verify.dll
0x66e80000 - 0x66ea1000 	C:\Program Files (x86)\Java\jre7\bin\java.dll
0x67500000 - 0x67513000 	C:\Program Files (x86)\Java\jre7\bin\zip.dll
0x5a730000 - 0x5a947000 	C:\Program Files (x86)\StarCraft\BWAPI\bwmirror_ExampleBot\ExampleBot\bwapi_bridge1_2.dll
0x10000000 - 0x1002b000 	C:\Windows\gmp-vc90-mt.dll
0x74830000 - 0x748d3000 	C:\Windows\WinSxS\x86_microsoft.vc90.crt_1fc8b3b9a1e18e3b_9.0.30729.6161_none_50934f2ebcb7eb57\MSVCR90.dll
0x71350000 - 0x713de000 	C:\Windows\WinSxS\x86_microsoft.vc90.crt_1fc8b3b9a1e18e3b_9.0.30729.6161_none_50934f2ebcb7eb57\MSVCP90.dll
0x00b10000 - 0x00b51000 	C:\Windows\mpfr-vc90-mt.dll
0x71be0000 - 0x71ccb000 	C:\Windows\system32\dbghelp.dll

VM Arguments:
jvm_args: -Dfile.encoding=Cp1252 
java_command: TestBot1
Launcher Type: SUN_STANDARD

Environment Variables:
PATH=C:/Program Files (x86)/Java/jre7/bin/client;C:/Program Files (x86)/Java/jre7/bin;C:/Program Files (x86)/Java/jre7/lib/i386;C:\Program Files\Common Files\Microsoft Shared\Windows Live;C:\Program Files (x86)\Common Files\Microsoft Shared\Windows Live;C:\Windows\system32;C:\Windows;C:\Windows\System32\Wbem;C:\Windows\System32\WindowsPowerShell\v1.0\;C:\Program Files (x86)\Windows Live\Shared;C:\Program Files\Intel\WiFi\bin\;C:\Program Files\Common Files\Intel\WirelessCommon\;C:\Program Files (x86)\Microsoft SQL Server\100\Tools\Binn\;C:\Program Files (x86)\Microsoft SQL Server\100\DTS\Binn\;C:\Program Files (x86)\QuickTime\QTSystem\;C:\Users\Owner\.dnx\bin;C:\Program Files\Microsoft DNX\Dnvm\;C:\Program Files (x86)\Windows Kits\8.1\Windows Performance Toolkit\;C:\Program Files (x86)\Heroku\bin;C:\Program Files (x86)\git\cmd;C:\python27\scripts;C:\Program Files (x86)\StarCraft\BWAPI\BWAPI 3.7.4\BWAPI 3.7.4\eclipse;
USERNAME=Owner
OS=Windows_NT
PROCESSOR_IDENTIFIER=Intel64 Family 6 Model 42 Stepping 7, GenuineIntel



---------------  S Y S T E M  ---------------

OS: Windows 7 , 64 bit Build 7601 Service Pack 1

CPU:total 4 (2 cores per cpu, 2 threads per core) family 6 model 42 stepping 7, cmov, cx8, fxsr, mmx, sse, sse2, sse3, ssse3, sse4.1, sse4.2, popcnt, avx, ht, tsc, tscinvbit

Memory: 4k page, physical 8160400k(4448464k free), swap 16318964k(11750496k free)

vm_info: Java HotSpot(TM) Client VM (24.80-b11) for windows-x86 JRE (1.7.0_80-b15), built on Apr 10 2015 13:33:35 by "java_re" with unknown MS VC++:1600

time: Fri Dec 11 19:42:34 2015
elapsed time: 10 seconds

